TN:
SF:src/index.ts
FN:64,(anonymous_1)
FN:73,(anonymous_2)
FN:77,(anonymous_3)
FN:83,(anonymous_4)
FN:88,(anonymous_5)
FN:89,(anonymous_6)
FNF:6
FNH:0
FNDA:0,(anonymous_1)
FNDA:0,(anonymous_2)
FNDA:0,(anonymous_3)
FNDA:0,(anonymous_4)
FNDA:0,(anonymous_5)
FNDA:0,(anonymous_6)
DA:1,1
DA:2,1
DA:3,1
DA:4,1
DA:5,1
DA:6,1
DA:7,1
DA:8,1
DA:9,1
DA:10,1
DA:11,1
DA:12,1
DA:13,1
DA:15,1
DA:18,1
DA:19,1
DA:21,1
DA:22,1
DA:23,0
DA:27,1
DA:28,0
DA:30,0
DA:31,0
DA:33,0
DA:34,0
DA:38,1
DA:39,1
DA:40,1
DA:48,1
DA:50,1
DA:51,1
DA:55,1
DA:57,1
DA:61,1
DA:62,1
DA:64,1
DA:65,0
DA:68,1
DA:69,1
DA:70,1
DA:73,1
DA:74,0
DA:77,1
DA:78,0
DA:81,1
DA:83,1
DA:84,0
DA:85,0
DA:88,1
DA:89,0
DA:90,0
DA:94,1
DA:95,0
DA:98,1
LF:54
LH:40
BRDA:22,0,0,0
BRDA:27,1,0,0
BRDA:30,2,0,0
BRDA:30,2,1,0
BRDA:34,3,0,0
BRDA:34,3,1,0
BRDA:42,4,0,1
BRDA:42,4,1,1
BRDA:48,5,0,1
BRDA:48,5,1,0
BRDA:50,6,0,1
BRDA:50,7,0,1
BRDA:50,7,1,1
BRDA:50,7,2,0
BRDA:58,8,0,1
BRDA:58,8,1,1
BRDA:94,9,0,0
BRF:17
BRH:8
end_of_record
TN:
SF:src/middleware/auth.ts
FN:5,(anonymous_1)
FN:20,(anonymous_2)
FNF:2
FNH:0
FNDA:0,(anonymous_1)
FNDA:0,(anonymous_2)
DA:2,1
DA:5,1
DA:6,0
DA:7,0
DA:8,0
DA:10,0
DA:20,1
DA:25,0
DA:26,0
DA:28,0
DA:29,0
DA:32,0
DA:33,0
DA:35,0
DA:36,0
DA:38,0
LF:16
LH:3
BRDA:7,0,0,0
BRDA:28,1,0,0
BRDA:28,2,0,0
BRDA:28,2,1,0
BRF:4
BRH:0
end_of_record
TN:
SF:src/middleware/errorHandler.ts
FN:8,(anonymous_1)
FN:28,(anonymous_2)
FNF:2
FNH:2
FNDA:4,(anonymous_1)
FNDA:4,(anonymous_2)
DA:2,1
DA:8,1
DA:14,4
DA:16,4
DA:17,4
DA:19,4
DA:25,1
DA:29,4
DA:30,4
DA:31,4
LF:10
LH:10
BRDA:16,0,0,4
BRDA:16,0,1,0
BRDA:17,1,0,4
BRDA:17,1,1,0
BRDA:21,2,0,4
BRDA:21,2,1,0
BRDA:28,3,0,0
BRF:7
BRH:3
end_of_record
TN:
SF:src/middleware/validation.ts
FN:4,(anonymous_0)
FN:26,(anonymous_1)
FN:40,(anonymous_2)
FN:58,(anonymous_3)
FNF:4
FNH:2
FNDA:5,(anonymous_0)
FNDA:4,(anonymous_1)
FNDA:0,(anonymous_2)
FNDA:0,(anonymous_3)
DA:2,1
DA:4,1
DA:9,5
DA:11,5
DA:12,1
DA:15,4
DA:16,1
DA:19,3
DA:20,1
DA:23,2
DA:26,1
DA:31,4
DA:33,4
DA:34,1
DA:37,3
DA:40,1
DA:45,0
DA:47,0
DA:48,0
DA:51,0
DA:52,0
DA:55,0
DA:58,1
DA:63,0
DA:65,0
DA:66,0
DA:69,0
DA:70,0
DA:73,0
DA:74,0
DA:77,0
LF:31
LH:17
BRDA:11,0,0,1
BRDA:11,1,0,5
BRDA:11,1,1,5
BRDA:11,1,2,4
BRDA:15,2,0,1
BRDA:19,3,0,1
BRDA:33,4,0,1
BRDA:33,5,0,4
BRDA:33,5,1,3
BRDA:47,6,0,0
BRDA:47,7,0,0
BRDA:47,7,1,0
BRDA:51,8,0,0
BRDA:65,9,0,0
BRDA:65,10,0,0
BRDA:65,10,1,0
BRDA:69,11,0,0
BRDA:73,12,0,0
BRF:18
BRH:9
end_of_record
TN:
SF:src/routes/auth.ts
FN:12,(anonymous_1)
FN:20,(anonymous_2)
FN:52,(anonymous_3)
FN:81,(anonymous_4)
FNF:4
FNH:4
FNDA:3,(anonymous_1)
FNDA:2,(anonymous_2)
FNDA:3,(anonymous_3)
FNDA:1,(anonymous_4)
DA:1,1
DA:2,1
DA:3,1
DA:4,1
DA:5,1
DA:6,1
DA:8,1
DA:9,1
DA:12,1
DA:13,3
DA:14,3
DA:15,0
DA:17,3
DA:20,1
DA:21,2
DA:22,2
DA:24,2
DA:25,2
DA:26,0
DA:29,2
DA:30,2
DA:37,2
DA:43,2
DA:48,0
DA:52,1
DA:53,3
DA:54,3
DA:56,3
DA:57,3
DA:58,1
DA:61,2
DA:62,2
DA:63,1
DA:66,1
DA:72,1
DA:77,0
DA:81,1
DA:82,1
DA:85,1
LF:39
LH:35
BRDA:14,0,0,0
BRDA:25,1,0,0
BRDA:57,2,0,1
BRDA:62,3,0,1
BRF:4
BRH:2
end_of_record
TN:
SF:src/routes/messages.ts
FN:8,(anonymous_0)
FN:17,(anonymous_1)
FN:34,(anonymous_2)
FNF:3
FNH:0
FNDA:0,(anonymous_0)
FNDA:0,(anonymous_1)
FNDA:0,(anonymous_2)
DA:1,1
DA:2,1
DA:3,1
DA:5,1
DA:6,1
DA:8,1
DA:9,0
DA:10,0
DA:11,0
DA:13,0
DA:17,1
DA:18,0
DA:19,0
DA:20,0
DA:28,0
DA:30,0
DA:34,1
DA:35,0
DA:36,0
DA:37,0
DA:39,0
DA:43,1
LF:22
LH:9
BRDA:25,0,0,0
BRDA:25,0,1,0
BRF:2
BRH:0
end_of_record
TN:
SF:src/routes/rooms.ts
FN:9,(anonymous_0)
FN:18,(anonymous_1)
FN:35,(anonymous_2)
FN:47,(anonymous_3)
FN:56,(anonymous_4)
FNF:5
FNH:0
FNDA:0,(anonymous_0)
FNDA:0,(anonymous_1)
FNDA:0,(anonymous_2)
FNDA:0,(anonymous_3)
FNDA:0,(anonymous_4)
DA:1,1
DA:2,1
DA:3,1
DA:4,1
DA:6,1
DA:7,1
DA:9,1
DA:10,0
DA:11,0
DA:12,0
DA:14,0
DA:18,1
DA:19,0
DA:20,0
DA:21,0
DA:29,0
DA:31,0
DA:35,1
DA:36,0
DA:37,0
DA:38,0
DA:39,0
DA:41,0
DA:43,0
DA:47,1
DA:48,0
DA:49,0
DA:50,0
DA:52,0
DA:56,1
DA:57,0
DA:58,0
DA:59,0
DA:60,0
DA:61,0
DA:63,0
DA:65,0
DA:69,1
LF:38
LH:12
BRDA:25,0,0,0
BRDA:25,0,1,0
BRDA:38,1,0,0
BRDA:60,2,0,0
BRF:4
BRH:0
end_of_record
TN:
SF:src/services/messageService.ts
FN:10,(anonymous_0)
FN:13,(anonymous_1)
FN:15,(anonymous_2)
FN:16,(anonymous_3)
FN:19,(anonymous_4)
FN:23,(anonymous_5)
FN:28,(anonymous_6)
FN:36,(anonymous_7)
FN:40,(anonymous_8)
FN:44,(anonymous_9)
FN:48,(anonymous_10)
FNF:11
FNH:10
FNDA:5,(anonymous_0)
FNDA:3,(anonymous_1)
FNDA:2,(anonymous_2)
FNDA:1,(anonymous_3)
FNDA:0,(anonymous_4)
FNDA:4,(anonymous_5)
FNDA:1,(anonymous_6)
FNDA:5,(anonymous_7)
FNDA:3,(anonymous_8)
FNDA:4,(anonymous_9)
FNDA:1,(anonymous_10)
DA:11,5
DA:14,3
DA:15,2
DA:16,1
DA:20,0
DA:24,4
DA:25,4
DA:29,1
DA:33,2
DA:37,5
DA:41,3
DA:45,4
DA:49,1
LF:13
LH:12
BRF:0
BRH:0
end_of_record
TN:
SF:src/services/roomService.ts
FN:10,(anonymous_0)
FN:13,(anonymous_1)
FN:17,(anonymous_2)
FN:21,(anonymous_3)
FN:26,(anonymous_4)
FN:34,(anonymous_5)
FN:42,(anonymous_6)
FN:46,(anonymous_7)
FN:50,(anonymous_8)
FN:54,(anonymous_9)
FN:58,(anonymous_10)
FN:75,(anonymous_11)
FNF:12
FNH:12
FNDA:7,(anonymous_0)
FNDA:1,(anonymous_1)
FNDA:4,(anonymous_2)
FNDA:6,(anonymous_3)
FNDA:1,(anonymous_4)
FNDA:1,(anonymous_5)
FNDA:7,(anonymous_6)
FNDA:1,(anonymous_7)
FNDA:3,(anonymous_8)
FNDA:6,(anonymous_9)
FNDA:1,(anonymous_10)
FNDA:1,(anonymous_11)
DA:11,7
DA:14,1
DA:18,4
DA:22,6
DA:23,6
DA:27,1
DA:28,1
DA:29,1
DA:30,1
DA:31,1
DA:35,1
DA:39,2
DA:43,7
DA:47,1
DA:51,3
DA:55,6
DA:59,1
DA:60,1
DA:62,1
DA:63,0
DA:66,1
DA:67,0
DA:70,1
DA:76,1
LF:24
LH:22
BRDA:28,0,0,0
BRDA:60,1,0,0
BRDA:62,2,0,0
BRDA:66,3,0,0
BRF:4
BRH:0
end_of_record
TN:
SF:src/services/userService.ts
FN:9,(anonymous_0)
FN:12,(anonymous_1)
FN:16,(anonymous_2)
FN:17,(anonymous_3)
FN:20,(anonymous_4)
FN:25,(anonymous_5)
FN:33,(anonymous_6)
FN:41,(anonymous_7)
FN:45,(anonymous_8)
FN:49,(anonymous_9)
FN:53,(anonymous_10)
FN:57,(anonymous_11)
FN:61,(anonymous_12)
FNF:13
FNH:11
FNDA:6,(anonymous_0)
FNDA:2,(anonymous_1)
FNDA:7,(anonymous_2)
FNDA:8,(anonymous_3)
FNDA:6,(anonymous_4)
FNDA:0,(anonymous_5)
FNDA:1,(anonymous_6)
FNDA:6,(anonymous_7)
FNDA:2,(anonymous_8)
FNDA:7,(anonymous_9)
FNDA:6,(anonymous_10)
FNDA:0,(anonymous_11)
FNDA:1,(anonymous_12)
DA:10,6
DA:13,2
DA:17,8
DA:21,6
DA:22,6
DA:26,0
DA:27,0
DA:28,0
DA:29,0
DA:30,0
DA:34,1
DA:38,2
DA:42,6
DA:46,2
DA:50,7
DA:54,6
DA:58,0
DA:62,1
LF:18
LH:12
BRDA:27,0,0,0
BRF:1
BRH:0
end_of_record
TN:
SF:src/socket/handlers.ts
FN:19,(anonymous_1)
FN:22,(anonymous_2)
FN:31,(anonymous_3)
FN:35,(anonymous_4)
FN:51,(anonymous_5)
FN:67,(anonymous_6)
FN:81,(anonymous_7)
FN:90,(anonymous_8)
FN:99,(anonymous_9)
FN:108,(anonymous_10)
FN:118,(anonymous_11)
FNF:11
FNH:0
FNDA:0,(anonymous_1)
FNDA:0,(anonymous_2)
FNDA:0,(anonymous_3)
FNDA:0,(anonymous_4)
FNDA:0,(anonymous_5)
FNDA:0,(anonymous_6)
FNDA:0,(anonymous_7)
FNDA:0,(anonymous_8)
FNDA:0,(anonymous_9)
FNDA:0,(anonymous_10)
FNDA:0,(anonymous_11)
DA:2,1
DA:16,1
DA:19,1
DA:20,0
DA:21,0
DA:22,0
DA:23,0
DA:25,0
DA:28,0
DA:31,1
DA:33,0
DA:35,0
DA:36,0
DA:37,0
DA:38,0
DA:41,0
DA:42,0
DA:44,0
DA:45,0
DA:47,0
DA:51,0
DA:52,0
DA:53,0
DA:54,0
DA:57,0
DA:58,0
DA:60,0
DA:61,0
DA:63,0
DA:67,0
DA:68,0
DA:69,0
DA:70,0
DA:77,0
DA:81,0
DA:82,0
DA:83,0
DA:84,0
DA:86,0
DA:90,0
DA:91,0
DA:92,0
DA:93,0
DA:95,0
DA:99,0
DA:100,0
DA:101,0
DA:102,0
DA:104,0
DA:108,0
DA:109,0
DA:110,0
DA:111,0
DA:113,0
DA:118,0
DA:119,0
DA:120,0
DA:121,0
DA:123,0
LF:59
LH:4
BRDA:21,0,0,0
BRDA:42,1,0,0
BRDA:58,2,0,0
BRF:3
BRH:0
end_of_record
TN:
SF:src/utils/logger.ts
FN:11,(anonymous_0)
FN:15,(anonymous_1)
FN:36,(anonymous_2)
FN:40,(anonymous_3)
FN:44,(anonymous_4)
FN:48,(anonymous_5)
FNF:6
FNH:3
FNDA:5,(anonymous_0)
FNDA:5,(anonymous_1)
FNDA:0,(anonymous_2)
FNDA:0,(anonymous_3)
FNDA:5,(anonymous_4)
FNDA:0,(anonymous_5)
DA:12,5
DA:16,5
DA:23,5
DA:27,5
DA:28,5
DA:29,0
DA:30,0
DA:32,0
DA:37,0
DA:41,0
DA:45,5
DA:49,0
DA:50,0
DA:55,1
DA:57,1
LF:15
LH:8
BRDA:12,0,0,4
BRDA:12,0,1,1
BRDA:23,1,0,0
BRDA:23,1,1,5
BRDA:27,2,0,5
BRDA:27,2,1,0
BRDA:29,3,0,0
BRDA:29,3,1,0
BRDA:49,4,0,0
BRF:9
BRH:4
end_of_record
